info @storybook/react v6.5.12
info 
info => Cleaning outputDir: /var/folders/_6/9z3360w518185yx8mgql3v9w0000gn/T/chromatic--72979-f165gLircSbf
info => Loading presets
WARN   Failed to load preset: "/Users/pimknops/Documents/GitHub/tast-components-lib/node_modules/@storybook/manager-webpack4/dist/cjs/presets/manager-preset.js"
ERR! Error: Cannot find module 'react/package.json'
ERR! Require stack:
ERR! - /Users/pimknops/Documents/GitHub/tast-components-lib/node_modules/@storybook/ui/noop.js
ERR!     at Function.Module._resolveFilename (internal/modules/cjs/loader.js:902:15)
ERR!     at resolveFileName (/Users/pimknops/Documents/GitHub/tast-components-lib/node_modules/resolve-from/index.js:29:39)
ERR!     at resolveFrom (/Users/pimknops/Documents/GitHub/tast-components-lib/node_modules/resolve-from/index.js:43:9)
ERR!     at module.exports (/Users/pimknops/Documents/GitHub/tast-components-lib/node_modules/resolve-from/index.js:46:47)
ERR!     at Object.<anonymous> (/Users/pimknops/Documents/GitHub/tast-components-lib/node_modules/@storybook/ui/paths.js:17:18)
ERR!     at Module._compile (internal/modules/cjs/loader.js:1085:14)
ERR!     at Object.Module._extensions..js (internal/modules/cjs/loader.js:1114:10)
ERR!     at Module.load (internal/modules/cjs/loader.js:950:32)
ERR!     at Function.Module._load (internal/modules/cjs/loader.js:790:12)
ERR!     at Module.require (internal/modules/cjs/loader.js:974:19)
ERR!  Error: Cannot find module 'react/package.json'
ERR! Require stack:
ERR! - /Users/pimknops/Documents/GitHub/tast-components-lib/node_modules/@storybook/ui/noop.js
ERR!     at Function.Module._resolveFilename (internal/modules/cjs/loader.js:902:15)
ERR!     at resolveFileName (/Users/pimknops/Documents/GitHub/tast-components-lib/node_modules/resolve-from/index.js:29:39)
ERR!     at resolveFrom (/Users/pimknops/Documents/GitHub/tast-components-lib/node_modules/resolve-from/index.js:43:9)
ERR!     at module.exports (/Users/pimknops/Documents/GitHub/tast-components-lib/node_modules/resolve-from/index.js:46:47)
ERR!     at Object.<anonymous> (/Users/pimknops/Documents/GitHub/tast-components-lib/node_modules/@storybook/ui/paths.js:17:18)
ERR!     at Module._compile (internal/modules/cjs/loader.js:1085:14)
ERR!     at Object.Module._extensions..js (internal/modules/cjs/loader.js:1114:10)
ERR!     at Module.load (internal/modules/cjs/loader.js:950:32)
ERR!     at Function.Module._load (internal/modules/cjs/loader.js:790:12)
ERR!     at Module.require (internal/modules/cjs/loader.js:974:19) {
ERR!   code: 'MODULE_NOT_FOUND',
ERR!   requireStack: [
ERR!     '/Users/pimknops/Documents/GitHub/tast-components-lib/node_modules/@storybook/ui/noop.js'
ERR!   ]
ERR! }
info => Compiling manager..
info => Compiling preview..
ERR! => Failed to build the manager
ERR! Entry module not found: Error: Can't resolve './src' in '/Users/pimknops/Documents/GitHub/tast-components-lib'
ERR! resolve './src' in '/Users/pimknops/Documents/GitHub/tast-components-lib'
ERR!   using description file: /Users/pimknops/Documents/GitHub/tast-components-lib/package.json (relative path: .)
ERR!     Field 'browser' doesn't contain a valid alias configuration
ERR!     using description file: /Users/pimknops/Documents/GitHub/tast-components-lib/package.json (relative path: ./src)
ERR!       no extension
ERR!         Field 'browser' doesn't contain a valid alias configuration
ERR!         /Users/pimknops/Documents/GitHub/tast-components-lib/src is not a file
ERR!       .wasm
ERR!         Field 'browser' doesn't contain a valid alias configuration
ERR!         /Users/pimknops/Documents/GitHub/tast-components-lib/src.wasm doesn't exist
ERR!       .mjs
ERR!         Field 'browser' doesn't contain a valid alias configuration
ERR!         /Users/pimknops/Documents/GitHub/tast-components-lib/src.mjs doesn't exist
ERR!       .js
ERR!         Field 'browser' doesn't contain a valid alias configuration
ERR!         /Users/pimknops/Documents/GitHub/tast-components-lib/src.js doesn't exist
ERR!       .json
ERR!         Field 'browser' doesn't contain a valid alias configuration
ERR!         /Users/pimknops/Documents/GitHub/tast-components-lib/src.json doesn't exist
ERR!       as directory
ERR!         existing directory
ERR!           using path: /Users/pimknops/Documents/GitHub/tast-components-lib/src/index
ERR!             using description file: /Users/pimknops/Documents/GitHub/tast-components-lib/package.json (relative path: ./src/index)
ERR!               no extension
ERR!                 Field 'browser' doesn't contain a valid alias configuration
ERR!                 /Users/pimknops/Documents/GitHub/tast-components-lib/src/index doesn't exist
ERR!               .wasm
ERR!                 Field 'browser' doesn't contain a valid alias configuration
ERR!                 /Users/pimknops/Documents/GitHub/tast-components-lib/src/index.wasm doesn't exist
ERR!               .mjs
ERR!                 Field 'browser' doesn't contain a valid alias configuration
ERR!                 /Users/pimknops/Documents/GitHub/tast-components-lib/src/index.mjs doesn't exist
ERR!               .js
ERR!                 Field 'browser' doesn't contain a valid alias configuration
ERR!                 /Users/pimknops/Documents/GitHub/tast-components-lib/src/index.js doesn't exist
ERR!               .json
ERR!                 Field 'browser' doesn't contain a valid alias configuration
ERR!                 /Users/pimknops/Documents/GitHub/tast-components-lib/src/index.json doesn't exist
ERR! configuration
ERR! The 'mode' option has not been set, webpack will fallback to 'production' for this value. Set 'mode' option to 'development' or 'production' to enable defaults for each environment.
ERR! You can also set it to 'none' to disable any default behavior. Learn more: https://webpack.js.org/configuration/mode/
ERR! Error: Cannot find module 'react/package.json'
ERR! Require stack:
ERR! - /Users/pimknops/Documents/GitHub/tast-components-lib/node_modules/@storybook/builder-webpack4/dist/cjs/preview/iframe-webpack.config.js
ERR! - /Users/pimknops/Documents/GitHub/tast-components-lib/node_modules/@storybook/builder-webpack4/dist/cjs/presets/preview-preset.js
ERR! - /Users/pimknops/Documents/GitHub/tast-components-lib/node_modules/@storybook/core-common/dist/cjs/presets.js
ERR! - /Users/pimknops/Documents/GitHub/tast-components-lib/node_modules/@storybook/core-common/dist/cjs/index.js
ERR! - /Users/pimknops/Documents/GitHub/tast-components-lib/node_modules/@storybook/core-server/dist/cjs/index.js
ERR! - /Users/pimknops/Documents/GitHub/tast-components-lib/node_modules/@storybook/core/dist/cjs/server.js
ERR! - /Users/pimknops/Documents/GitHub/tast-components-lib/node_modules/@storybook/core/server.js
ERR! - /Users/pimknops/Documents/GitHub/tast-components-lib/node_modules/@storybook/react/dist/cjs/server/build.js
ERR! - /Users/pimknops/Documents/GitHub/tast-components-lib/node_modules/@storybook/react/bin/build.js
ERR!     at Function.Module._resolveFilename (internal/modules/cjs/loader.js:902:15)
ERR!     at Function.resolve (internal/modules/cjs/helpers.js:99:19)
ERR!     at _default (/Users/pimknops/Documents/GitHub/tast-components-lib/node_modules/@storybook/builder-webpack4/dist/cjs/preview/iframe-webpack.config.js:198:46)
ERR!     at async builderGeneratorFn (/Users/pimknops/Documents/GitHub/tast-components-lib/node_modules/@storybook/builder-webpack4/dist/cjs/index.js:207:16)
ERR!     at async Object.build (/Users/pimknops/Documents/GitHub/tast-components-lib/node_modules/@storybook/builder-webpack4/dist/cjs/index.js:289:14)
ERR!     at async Promise.all (index 1)
ERR!     at async buildStaticStandalone (/Users/pimknops/Documents/GitHub/tast-components-lib/node_modules/@storybook/core-server/dist/cjs/build-static.js:218:28)
ERR!     at async buildStatic (/Users/pimknops/Documents/GitHub/tast-components-lib/node_modules/@storybook/core-server/dist/cjs/build-static.js:254:5)
ERR!  Error: Cannot find module 'react/package.json'
ERR! Require stack:
ERR! - /Users/pimknops/Documents/GitHub/tast-components-lib/node_modules/@storybook/builder-webpack4/dist/cjs/preview/iframe-webpack.config.js
ERR! - /Users/pimknops/Documents/GitHub/tast-components-lib/node_modules/@storybook/builder-webpack4/dist/cjs/presets/preview-preset.js
ERR! - /Users/pimknops/Documents/GitHub/tast-components-lib/node_modules/@storybook/core-common/dist/cjs/presets.js
ERR! - /Users/pimknops/Documents/GitHub/tast-components-lib/node_modules/@storybook/core-common/dist/cjs/index.js
ERR! - /Users/pimknops/Documents/GitHub/tast-components-lib/node_modules/@storybook/core-server/dist/cjs/index.js
ERR! - /Users/pimknops/Documents/GitHub/tast-components-lib/node_modules/@storybook/core/dist/cjs/server.js
ERR! - /Users/pimknops/Documents/GitHub/tast-components-lib/node_modules/@storybook/core/server.js
ERR! - /Users/pimknops/Documents/GitHub/tast-components-lib/node_modules/@storybook/react/dist/cjs/server/build.js
ERR! - /Users/pimknops/Documents/GitHub/tast-components-lib/node_modules/@storybook/react/bin/build.js
ERR!     at Function.Module._resolveFilename (internal/modules/cjs/loader.js:902:15)
ERR!     at Function.resolve (internal/modules/cjs/helpers.js:99:19)
ERR!     at _default (/Users/pimknops/Documents/GitHub/tast-components-lib/node_modules/@storybook/builder-webpack4/dist/cjs/preview/iframe-webpack.config.js:198:46)
ERR!     at async builderGeneratorFn (/Users/pimknops/Documents/GitHub/tast-components-lib/node_modules/@storybook/builder-webpack4/dist/cjs/index.js:207:16)
ERR!     at async Object.build (/Users/pimknops/Documents/GitHub/tast-components-lib/node_modules/@storybook/builder-webpack4/dist/cjs/index.js:289:14)
ERR!     at async Promise.all (index 1)
ERR!     at async buildStaticStandalone (/Users/pimknops/Documents/GitHub/tast-components-lib/node_modules/@storybook/core-server/dist/cjs/build-static.js:218:28)
ERR!     at async buildStatic (/Users/pimknops/Documents/GitHub/tast-components-lib/node_modules/@storybook/core-server/dist/cjs/build-static.js:254:5) {
ERR!   code: 'MODULE_NOT_FOUND',
ERR!   requireStack: [
ERR!     '/Users/pimknops/Documents/GitHub/tast-components-lib/node_modules/@storybook/builder-webpack4/dist/cjs/preview/iframe-webpack.config.js',
ERR!     '/Users/pimknops/Documents/GitHub/tast-components-lib/node_modules/@storybook/builder-webpack4/dist/cjs/presets/preview-preset.js',
ERR!     '/Users/pimknops/Documents/GitHub/tast-components-lib/node_modules/@storybook/core-common/dist/cjs/presets.js',
ERR!     '/Users/pimknops/Documents/GitHub/tast-components-lib/node_modules/@storybook/core-common/dist/cjs/index.js',
ERR!     '/Users/pimknops/Documents/GitHub/tast-components-lib/node_modules/@storybook/core-server/dist/cjs/index.js',
ERR!     '/Users/pimknops/Documents/GitHub/tast-components-lib/node_modules/@storybook/core/dist/cjs/server.js',
ERR!     '/Users/pimknops/Documents/GitHub/tast-components-lib/node_modules/@storybook/core/server.js',
ERR!     '/Users/pimknops/Documents/GitHub/tast-components-lib/node_modules/@storybook/react/dist/cjs/server/build.js',
ERR!     '/Users/pimknops/Documents/GitHub/tast-components-lib/node_modules/@storybook/react/bin/build.js'
ERR!   ]
ERR! }
info => Loading presets

attention => Storybook now collects completely anonymous telemetry regarding usage.
This information is used to shape Storybook's roadmap and prioritize features.
You can learn more, including how to opt-out if you'd not like to participate in this anonymous program, by visiting the following URL:
https://storybook.js.org/telemetry

